<?xml version="1.0" encoding="UTF-8"?>
<testng-results skipped="0" failed="0" total="1" passed="1">
  <reporter-output>
  </reporter-output>
  <suite name="Command line suite" duration-ms="74" started-at="2018-09-17T05:26:52Z" finished-at="2018-09-17T05:26:52Z">
    <groups>
    </groups>
    <test name="Command line test" duration-ms="74" started-at="2018-09-17T05:26:52Z" finished-at="2018-09-17T05:26:52Z">
      <class name="POMM.MavenProject.AppTest">
        <test-method status="PASS" signature="testApp()[pri:0, instance:testApp(POMM.MavenProject.AppTest)]" name="testApp" duration-ms="16" started-at="2018-09-17T10:56:52Z" finished-at="2018-09-17T10:56:52Z">
          <reporter-output>
          </reporter-output>
        </test-method> <!-- testApp -->
      </class> <!-- POMM.MavenProject.AppTest -->
    </test> <!-- Command line test -->
  </suite> <!-- Command line suite -->
</testng-results>
